commit 1d51858150f5d9e5c56474027fbcceda5dbdfb08
Author: CZX1112 <1952650@tongji.edu.cn>
Date:   Sat Jun 3 18:36:00 2023 +0800

    finish lab00

commit 1a66deb90001392af3b461028e2ad90cee59184f
Author: CZX1112 <1952650@tongji.edu.cn>
Date:   Sat Jun 3 18:24:30 2023 +0800

    add all labs

commit da2a18fe6b0f5a4545924aedec0966e8a6dcbe16
Author: CZX1112 <1952650@tongji.edu.cn>
Date:   Sat Jun 3 18:17:29 2023 +0800

    add lab02

commit d125a19dff7073f87ec19dfee2ad8f4e84b1d09c
Author: CZX1112 <1952650@tongji.edu.cn>
Date:   Sat Jun 3 18:15:16 2023 +0800

    add structure

commit c08c73339efbe49aa7e85646e0003a5c0e947221
Author: Zixiang Chen <1952650@tongji.edu.cn>
Date:   Sat Jun 3 18:11:10 2023 +0800

    Initial commit
